<?xml version="1.0" encoding="UTF-8"?>
<!-- Generated by org.testng.reporters.JUnitXMLReporter -->
<testsuite ignored="2" hostname="Hitendras-MacBook-Air.local" failures="0" tests="1" name="Test" time="10.6" errors="0" timestamp="2023-05-10T14:33:11 IST">
  <testcase classname="com.pfl.testCases.HomePageTest" name="verifyLogo" time="0.086"/>
  <testcase classname="com.pfl.base.BaseClass" name="@BeforeSuite loadConfig" time="0.0">
    <ignored/>
  </testcase> <!-- @BeforeSuite loadConfig -->
  <testcase classname="com.pfl.base.BaseClass" name="@AfterSuite afterSuite" time="0.0">
    <ignored/>
  </testcase> <!-- @AfterSuite afterSuite -->
</testsuite> <!-- Test -->
