<?xml version="1.0" encoding="UTF-8"?>
<testng-results ignored="2" total="3" passed="1" failed="0" skipped="0">
  <reporter-output>
  </reporter-output>
  <suite started-at="2023-05-10T14:33:00 IST" name="Suite" finished-at="2023-05-10T14:33:11 IST" duration-ms="10600">
    <groups>
    </groups>
    <test started-at="2023-05-10T14:33:00 IST" name="Test" finished-at="2023-05-10T14:33:11 IST" duration-ms="10600">
      <class name="com.pfl.testCases.HomePageTest">
        <test-method is-config="true" signature="loadConfig()[pri:0, instance:com.pfl.testCases.HomePageTest@7d4f9aae]" started-at="2023-05-10T14:33:00 IST" name="loadConfig" finished-at="2023-05-10T14:33:00 IST" duration-ms="202" status="PASS">
          <reporter-output>
          </reporter-output>
        </test-method> <!-- loadConfig -->
        <test-method is-config="true" signature="launchApp()[pri:0, instance:com.pfl.testCases.HomePageTest@7d4f9aae]" started-at="2023-05-10T14:33:00 IST" name="launchApp" finished-at="2023-05-10T14:33:11 IST" duration-ms="10282" status="PASS">
          <reporter-output>
          </reporter-output>
        </test-method> <!-- launchApp -->
        <test-method signature="verifyLogo()[pri:0, instance:com.pfl.testCases.HomePageTest@7d4f9aae]" started-at="2023-05-10T14:33:11 IST" name="verifyLogo" finished-at="2023-05-10T14:33:11 IST" duration-ms="86" status="PASS">
          <reporter-output>
          </reporter-output>
        </test-method> <!-- verifyLogo -->
        <test-method is-config="true" signature="tearDown()[pri:0, instance:com.pfl.testCases.HomePageTest@7d4f9aae]" started-at="2023-05-10T14:33:11 IST" name="tearDown" finished-at="2023-05-10T14:33:11 IST" duration-ms="216" status="PASS">
          <reporter-output>
          </reporter-output>
        </test-method> <!-- tearDown -->
        <test-method is-config="true" signature="afterSuite()[pri:0, instance:com.pfl.testCases.HomePageTest@7d4f9aae]" started-at="2023-05-10T14:33:11 IST" name="afterSuite" finished-at="2023-05-10T14:33:11 IST" duration-ms="177" status="PASS">
          <reporter-output>
          </reporter-output>
        </test-method> <!-- afterSuite -->
      </class> <!-- com.pfl.testCases.HomePageTest -->
    </test> <!-- Test -->
  </suite> <!-- Suite -->
</testng-results>
