<?xml version="1.0" encoding="UTF-8"?>
<testng-results ignored="0" total="1" passed="1" failed="0" skipped="0">
  <reporter-output>
  </reporter-output>
  <suite started-at="2023-06-06T17:57:48 IST" name="Default suite" finished-at="2023-06-06T17:58:05 IST" duration-ms="16852">
    <groups>
    </groups>
    <test started-at="2023-06-06T17:57:48 IST" name="Default test" finished-at="2023-06-06T17:58:05 IST" duration-ms="16852">
      <class name="com.pfl.testCases.BuyTicketTest">
        <test-method is-config="true" signature="loadConfig()[pri:0, instance:com.pfl.testCases.BuyTicketTest@783a467b]" started-at="2023-06-06T17:57:48 IST" name="loadConfig" finished-at="2023-06-06T17:57:48 IST" duration-ms="152" status="PASS">
          <reporter-output>
          </reporter-output>
        </test-method> <!-- loadConfig -->
        <test-method is-config="true" signature="launchApp()[pri:0, instance:com.pfl.testCases.BuyTicketTest@783a467b]" started-at="2023-06-06T17:57:48 IST" name="launchApp" finished-at="2023-06-06T17:57:57 IST" duration-ms="8988" status="PASS">
          <reporter-output>
          </reporter-output>
        </test-method> <!-- launchApp -->
        <test-method signature="buyMillionaireClubTicket()[pri:0, instance:com.pfl.testCases.BuyTicketTest@783a467b]" started-at="2023-06-06T17:57:57 IST" name="buyMillionaireClubTicket" finished-at="2023-06-06T17:58:05 IST" duration-ms="7733" status="PASS">
          <reporter-output>
          </reporter-output>
        </test-method> <!-- buyMillionaireClubTicket -->
        <test-method is-config="true" signature="tearDown()[pri:0, instance:com.pfl.testCases.BuyTicketTest@783a467b]" started-at="2023-06-06T17:58:05 IST" name="tearDown" finished-at="2023-06-06T17:58:05 IST" duration-ms="113" status="PASS">
          <reporter-output>
          </reporter-output>
        </test-method> <!-- tearDown -->
        <test-method is-config="true" signature="afterSuite()[pri:0, instance:com.pfl.testCases.BuyTicketTest@783a467b]" started-at="2023-06-06T17:58:05 IST" name="afterSuite" finished-at="2023-06-06T17:58:05 IST" duration-ms="129" status="PASS">
          <reporter-output>
          </reporter-output>
        </test-method> <!-- afterSuite -->
      </class> <!-- com.pfl.testCases.BuyTicketTest -->
    </test> <!-- Default test -->
  </suite> <!-- Default suite -->
</testng-results>
